2025-09-30 21:53:34,134 | auth_system | INFO | superadmin_login:216 | === SUPERADMIN LOGIN REQUEST START ===
2025-09-30 21:53:34,137 | auth_system | INFO | superadmin_login:217 | Request Method: GET
2025-09-30 21:53:34,140 | auth_system | INFO | superadmin_login:218 | Request URL: http://localhost:5051/superadmin/auth/login
2025-09-30 21:53:34,141 | auth_system | INFO | superadmin_login:219 | User Agent: Mozilla/5.0 (Windows NT 10.0; Win64; x64) AppleWebKit/537.36 (KHTML, like Gecko) Chrome/140.0.0.0 Safari/537.36 Edg/140.0.0.0
2025-09-30 21:53:34,146 | auth_system | INFO | superadmin_login:220 | Remote Address: 127.0.0.1
2025-09-30 21:53:34,148 | auth_system | INFO | superadmin_login:221 | Content Type: None
2025-09-30 21:53:34,149 | auth_system | INFO | superadmin_login:222 | Request Headers: {'Host': 'localhost:5051', 'Connection': 'keep-alive', 'Sec-Ch-Ua': '"Chromium";v="140", "Not=A?Brand";v="24", "Microsoft Edge";v="140"', 'Sec-Ch-Ua-Mobile': '?0', 'Sec-Ch-Ua-Platform': '"Windows"', 'Upgrade-Insecure-Requests': '1', 'User-Agent': 'Mozilla/5.0 (Windows NT 10.0; Win64; x64) AppleWebKit/537.36 (KHTML, like Gecko) Chrome/140.0.0.0 Safari/537.36 Edg/140.0.0.0', 'Accept': 'text/html,application/xhtml+xml,application/xml;q=0.9,image/avif,image/webp,image/apng,*/*;q=0.8,application/signed-exchange;v=b3;q=0.7', 'Sec-Fetch-Site': 'none', 'Sec-Fetch-Mode': 'navigate', 'Sec-Fetch-User': '?1', 'Sec-Fetch-Dest': 'document', 'Accept-Encoding': 'gzip, deflate, br, zstd', 'Accept-Language': 'en-US,en;q=0.9', 'Cookie': 'session=eyJjc3JmX3Rva2VuIjoiS21wNVJpWXhxMkJWby1ySjRJTVFuS3hpYTd4WHRTdENvVjhoLTN0UUQ0dyIsInNlc3Npb25faWQiOiJlZjk2NjBiNi0zN2QwLTRmOTAtYjFlNS1hNDk1ZjVjOTA0ODAifQ.aNyQVQ.wlQ0zbBqEYNi4ZDffnGkNXYMPFc'}
2025-09-30 21:53:34,150 | auth_system | DEBUG | superadmin_login:228 | Role: superadmin
2025-09-30 21:53:34,151 | auth_system | DEBUG | superadmin_login:229 | Dashboard URL: /superadmin/dashboard
2025-09-30 21:53:34,151 | auth_system | INFO | superadmin_login:232 | Processing GET request - Rendering login form
2025-09-30 21:53:34,156 | auth_system | DEBUG | superadmin_login:233 | Attempting to render auth/login.html template
2025-09-30 21:53:34,304 | auth_system | ERROR | superadmin_login:242 | Template rendering error: 'csrf_token' is undefined
2025-09-30 21:53:34,533 | auth_system | ERROR | superadmin_login:307 | Unexpected error in superadmin_login: 'csrf_token' is undefined
2025-09-30 21:53:34,840 | auth_system | ERROR | superadmin_login:308 | Error type: UndefinedError
2025-09-30 21:53:35,161 | auth_system | ERROR | superadmin_login:310 | Traceback: Traceback (most recent call last):
  File "C:\Users\Pulipati\Desktop\FREE\ProjectJ\app\routes\auth_routes.py", line 243, in superadmin_login
    raise template_error
  File "C:\Users\Pulipati\Desktop\FREE\ProjectJ\app\routes\auth_routes.py", line 237, in superadmin_login
    result = render_template('auth/login.html', role=role_name)
  File "C:\Users\Pulipati\Desktop\FREE\ProjectJ\.venv\Lib\site-packages\flask\templating.py", line 150, in render_template
    return _render(app, template, context)
  File "C:\Users\Pulipati\Desktop\FREE\ProjectJ\.venv\Lib\site-packages\flask\templating.py", line 131, in _render
    rv = template.render(context)
  File "C:\Users\Pulipati\Desktop\FREE\ProjectJ\.venv\Lib\site-packages\jinja2\environment.py", line 1295, in render
    self.environment.handle_exception()
    ~~~~~~~~~~~~~~~~~~~~~~~~~~~~~~~~~^^
  File "C:\Users\Pulipati\Desktop\FREE\ProjectJ\.venv\Lib\site-packages\jinja2\environment.py", line 942, in handle_exception
    raise rewrite_traceback_stack(source=source)
  File "C:\Users\Pulipati\Desktop\FREE\ProjectJ\app\templates\auth\login.html", line 169, in top-level template code
    <input type="hidden" name="csrf_token" value="{{ csrf_token() }}">
    ^^^^^^^^^^^^^
  File "C:\Users\Pulipati\Desktop\FREE\ProjectJ\.venv\Lib\site-packages\jinja2\utils.py", line 92, in from_obj
    if hasattr(obj, "jinja_pass_arg"):
       ~~~~~~~^^^^^^^^^^^^^^^^^^^^^^^
jinja2.exceptions.UndefinedError: 'csrf_token' is undefined

2025-09-30 21:53:35,196 | auth_system | INFO | superadmin_login:313 | Flash message set: Login error
2025-09-30 21:53:35,256 | auth_system | ERROR | superadmin_login:314 | === SUPERADMIN LOGIN ERROR END ===
2025-09-30 21:53:40,961 | auth_system | INFO | superadmin_login:216 | === SUPERADMIN LOGIN REQUEST START ===
2025-09-30 21:53:41,037 | auth_system | INFO | superadmin_login:217 | Request Method: GET
2025-09-30 21:53:41,161 | auth_system | INFO | superadmin_login:218 | Request URL: http://localhost:5051/superadmin/auth/login
2025-09-30 21:53:41,166 | auth_system | INFO | superadmin_login:219 | User Agent: Mozilla/5.0 (Windows NT 10.0; Win64; x64) AppleWebKit/537.36 (KHTML, like Gecko) Chrome/140.0.0.0 Safari/537.36 Edg/140.0.0.0
2025-09-30 21:53:41,173 | auth_system | INFO | superadmin_login:220 | Remote Address: 127.0.0.1
2025-09-30 21:53:41,175 | auth_system | INFO | superadmin_login:221 | Content Type: None
2025-09-30 21:53:41,177 | auth_system | INFO | superadmin_login:222 | Request Headers: {'Host': 'localhost:5051', 'Connection': 'keep-alive', 'Upgrade-Insecure-Requests': '1', 'User-Agent': 'Mozilla/5.0 (Windows NT 10.0; Win64; x64) AppleWebKit/537.36 (KHTML, like Gecko) Chrome/140.0.0.0 Safari/537.36 Edg/140.0.0.0', 'Accept': 'text/html,application/xhtml+xml,application/xml;q=0.9,image/avif,image/webp,image/apng,*/*;q=0.8,application/signed-exchange;v=b3;q=0.7', 'Sec-Fetch-Site': 'none', 'Sec-Fetch-Mode': 'navigate', 'Sec-Fetch-User': '?1', 'Sec-Fetch-Dest': 'document', 'Sec-Ch-Ua': '"Chromium";v="140", "Not=A?Brand";v="24", "Microsoft Edge";v="140"', 'Sec-Ch-Ua-Mobile': '?0', 'Sec-Ch-Ua-Platform': '"Windows"', 'Accept-Encoding': 'gzip, deflate, br, zstd', 'Accept-Language': 'en-US,en;q=0.9', 'Cookie': 'session=eyJjc3JmX3Rva2VuIjoiS21wNVJpWXhxMkJWby1ySjRJTVFuS3hpYTd4WHRTdENvVjhoLTN0UUQ0dyIsInNlc3Npb25faWQiOiJlZjk2NjBiNi0zN2QwLTRmOTAtYjFlNS1hNDk1ZjVjOTA0ODAifQ.aNyQVQ.wlQ0zbBqEYNi4ZDffnGkNXYMPFc'}
2025-09-30 21:53:41,178 | auth_system | DEBUG | superadmin_login:228 | Role: superadmin
2025-09-30 21:53:41,198 | auth_system | DEBUG | superadmin_login:229 | Dashboard URL: /superadmin/dashboard
2025-09-30 21:53:41,198 | auth_system | INFO | superadmin_login:232 | Processing GET request - Rendering login form
2025-09-30 21:53:41,199 | auth_system | DEBUG | superadmin_login:233 | Attempting to render auth/login.html template
2025-09-30 21:53:41,202 | auth_system | ERROR | superadmin_login:242 | Template rendering error: 'csrf_token' is undefined
2025-09-30 21:53:41,208 | auth_system | ERROR | superadmin_login:307 | Unexpected error in superadmin_login: 'csrf_token' is undefined
2025-09-30 21:53:41,209 | auth_system | ERROR | superadmin_login:308 | Error type: UndefinedError
2025-09-30 21:53:41,231 | auth_system | ERROR | superadmin_login:310 | Traceback: Traceback (most recent call last):
  File "C:\Users\Pulipati\Desktop\FREE\ProjectJ\app\routes\auth_routes.py", line 243, in superadmin_login
    raise template_error
  File "C:\Users\Pulipati\Desktop\FREE\ProjectJ\app\routes\auth_routes.py", line 237, in superadmin_login
    result = render_template('auth/login.html', role=role_name)
  File "C:\Users\Pulipati\Desktop\FREE\ProjectJ\.venv\Lib\site-packages\flask\templating.py", line 150, in render_template
    return _render(app, template, context)
  File "C:\Users\Pulipati\Desktop\FREE\ProjectJ\.venv\Lib\site-packages\flask\templating.py", line 131, in _render
    rv = template.render(context)
  File "C:\Users\Pulipati\Desktop\FREE\ProjectJ\.venv\Lib\site-packages\jinja2\environment.py", line 1295, in render
    self.environment.handle_exception()
    ~~~~~~~~~~~~~~~~~~~~~~~~~~~~~~~~~^^
  File "C:\Users\Pulipati\Desktop\FREE\ProjectJ\.venv\Lib\site-packages\jinja2\environment.py", line 942, in handle_exception
    raise rewrite_traceback_stack(source=source)
  File "C:\Users\Pulipati\Desktop\FREE\ProjectJ\app\templates\auth\login.html", line 169, in top-level template code
    <input type="hidden" name="csrf_token" value="{{ csrf_token() }}">
    ^^^^^^^^^^^^^
  File "C:\Users\Pulipati\Desktop\FREE\ProjectJ\.venv\Lib\site-packages\jinja2\utils.py", line 92, in from_obj
    if hasattr(obj, "jinja_pass_arg"):
       ~~~~~~~^^^^^^^^^^^^^^^^^^^^^^^
jinja2.exceptions.UndefinedError: 'csrf_token' is undefined

2025-09-30 21:53:41,304 | auth_system | INFO | superadmin_login:313 | Flash message set: Login error
2025-09-30 21:53:41,307 | auth_system | ERROR | superadmin_login:314 | === SUPERADMIN LOGIN ERROR END ===
2025-09-30 21:54:22,005 | auth_system | INFO | superadmin_login:216 | === SUPERADMIN LOGIN REQUEST START ===
2025-09-30 21:54:22,008 | auth_system | INFO | superadmin_login:217 | Request Method: GET
2025-09-30 21:54:22,009 | auth_system | INFO | superadmin_login:218 | Request URL: http://localhost:5051/superadmin/auth/login
2025-09-30 21:54:22,010 | auth_system | INFO | superadmin_login:219 | User Agent: Mozilla/5.0 (Windows NT 10.0; Win64; x64) AppleWebKit/537.36 (KHTML, like Gecko) Chrome/140.0.0.0 Safari/537.36 Edg/140.0.0.0
2025-09-30 21:54:22,023 | auth_system | INFO | superadmin_login:220 | Remote Address: 127.0.0.1
2025-09-30 21:54:22,024 | auth_system | INFO | superadmin_login:221 | Content Type: None
2025-09-30 21:54:22,025 | auth_system | INFO | superadmin_login:222 | Request Headers: {'Host': 'localhost:5051', 'Connection': 'keep-alive', 'Sec-Ch-Ua': '"Chromium";v="140", "Not=A?Brand";v="24", "Microsoft Edge";v="140"', 'Sec-Ch-Ua-Mobile': '?0', 'Sec-Ch-Ua-Platform': '"Windows"', 'Upgrade-Insecure-Requests': '1', 'User-Agent': 'Mozilla/5.0 (Windows NT 10.0; Win64; x64) AppleWebKit/537.36 (KHTML, like Gecko) Chrome/140.0.0.0 Safari/537.36 Edg/140.0.0.0', 'Accept': 'text/html,application/xhtml+xml,application/xml;q=0.9,image/avif,image/webp,image/apng,*/*;q=0.8,application/signed-exchange;v=b3;q=0.7', 'Sec-Fetch-Site': 'none', 'Sec-Fetch-Mode': 'navigate', 'Sec-Fetch-User': '?1', 'Sec-Fetch-Dest': 'document', 'Accept-Encoding': 'gzip, deflate, br, zstd', 'Accept-Language': 'en-US,en;q=0.9', 'Cookie': 'session=eyJjc3JmX3Rva2VuIjoiS21wNVJpWXhxMkJWby1ySjRJTVFuS3hpYTd4WHRTdENvVjhoLTN0UUQ0dyIsInNlc3Npb25faWQiOiJlZjk2NjBiNi0zN2QwLTRmOTAtYjFlNS1hNDk1ZjVjOTA0ODAifQ.aNyQVQ.wlQ0zbBqEYNi4ZDffnGkNXYMPFc'}
2025-09-30 21:54:22,027 | auth_system | DEBUG | superadmin_login:228 | Role: superadmin
2025-09-30 21:54:22,027 | auth_system | DEBUG | superadmin_login:229 | Dashboard URL: /superadmin/dashboard
2025-09-30 21:54:22,027 | auth_system | INFO | superadmin_login:232 | Processing GET request - Rendering login form
2025-09-30 21:54:22,030 | auth_system | DEBUG | superadmin_login:233 | Attempting to render auth/login.html template
2025-09-30 21:54:22,074 | auth_system | ERROR | superadmin_login:242 | Template rendering error: 'csrf_token' is undefined
2025-09-30 21:54:22,075 | auth_system | ERROR | superadmin_login:307 | Unexpected error in superadmin_login: 'csrf_token' is undefined
2025-09-30 21:54:22,079 | auth_system | ERROR | superadmin_login:308 | Error type: UndefinedError
2025-09-30 21:54:22,215 | auth_system | ERROR | superadmin_login:310 | Traceback: Traceback (most recent call last):
  File "C:\Users\Pulipati\Desktop\FREE\ProjectJ\app\routes\auth_routes.py", line 243, in superadmin_login
    raise template_error
  File "C:\Users\Pulipati\Desktop\FREE\ProjectJ\app\routes\auth_routes.py", line 237, in superadmin_login
    result = render_template('auth/login.html', role=role_name)
  File "C:\Users\Pulipati\Desktop\FREE\ProjectJ\.venv\Lib\site-packages\flask\templating.py", line 150, in render_template
    return _render(app, template, context)
  File "C:\Users\Pulipati\Desktop\FREE\ProjectJ\.venv\Lib\site-packages\flask\templating.py", line 131, in _render
    rv = template.render(context)
  File "C:\Users\Pulipati\Desktop\FREE\ProjectJ\.venv\Lib\site-packages\jinja2\environment.py", line 1295, in render
    self.environment.handle_exception()
    ~~~~~~~~~~~~~~~~~~~~~~~~~~~~~~~~~^^
  File "C:\Users\Pulipati\Desktop\FREE\ProjectJ\.venv\Lib\site-packages\jinja2\environment.py", line 942, in handle_exception
    raise rewrite_traceback_stack(source=source)
  File "C:\Users\Pulipati\Desktop\FREE\ProjectJ\app\templates\auth\login.html", line 169, in top-level template code
    <input type="hidden" name="csrf_token" value="{{ csrf_token() }}">
    ^^^^^^^^^^^^^
  File "C:\Users\Pulipati\Desktop\FREE\ProjectJ\.venv\Lib\site-packages\jinja2\utils.py", line 92, in from_obj
    if hasattr(obj, "jinja_pass_arg"):
       ~~~~~~~^^^^^^^^^^^^^^^^^^^^^^^
jinja2.exceptions.UndefinedError: 'csrf_token' is undefined

2025-09-30 21:54:22,302 | auth_system | INFO | superadmin_login:313 | Flash message set: Login error
2025-09-30 21:54:22,341 | auth_system | ERROR | superadmin_login:314 | === SUPERADMIN LOGIN ERROR END ===
2025-09-30 22:00:09,106 | auth_system | INFO | superadmin_login:216 | === SUPERADMIN LOGIN REQUEST START ===
2025-09-30 22:00:09,107 | auth_system | INFO | superadmin_login:217 | Request Method: GET
2025-09-30 22:00:09,108 | auth_system | INFO | superadmin_login:218 | Request URL: http://localhost:5051/superadmin/auth/login
2025-09-30 22:00:09,110 | auth_system | INFO | superadmin_login:219 | User Agent: Mozilla/5.0 (Windows NT 10.0; Win64; x64) AppleWebKit/537.36 (KHTML, like Gecko) Chrome/140.0.0.0 Safari/537.36 Edg/140.0.0.0
2025-09-30 22:00:09,111 | auth_system | INFO | superadmin_login:220 | Remote Address: 127.0.0.1
2025-09-30 22:00:09,113 | auth_system | INFO | superadmin_login:221 | Content Type: None
2025-09-30 22:00:09,114 | auth_system | INFO | superadmin_login:222 | Request Headers: {'Host': 'localhost:5051', 'Connection': 'keep-alive', 'Sec-Ch-Ua': '"Chromium";v="140", "Not=A?Brand";v="24", "Microsoft Edge";v="140"', 'Sec-Ch-Ua-Mobile': '?0', 'Sec-Ch-Ua-Platform': '"Windows"', 'Upgrade-Insecure-Requests': '1', 'User-Agent': 'Mozilla/5.0 (Windows NT 10.0; Win64; x64) AppleWebKit/537.36 (KHTML, like Gecko) Chrome/140.0.0.0 Safari/537.36 Edg/140.0.0.0', 'Accept': 'text/html,application/xhtml+xml,application/xml;q=0.9,image/avif,image/webp,image/apng,*/*;q=0.8,application/signed-exchange;v=b3;q=0.7', 'Sec-Fetch-Site': 'none', 'Sec-Fetch-Mode': 'navigate', 'Sec-Fetch-User': '?1', 'Sec-Fetch-Dest': 'document', 'Accept-Encoding': 'gzip, deflate, br, zstd', 'Accept-Language': 'en-US,en;q=0.9'}
2025-09-30 22:00:09,115 | auth_system | DEBUG | superadmin_login:228 | Role: superadmin
2025-09-30 22:00:09,116 | auth_system | DEBUG | superadmin_login:229 | Dashboard URL: /superadmin/dashboard
2025-09-30 22:00:09,116 | auth_system | INFO | superadmin_login:232 | Processing GET request - Rendering login form
2025-09-30 22:00:09,117 | auth_system | DEBUG | superadmin_login:233 | Attempting to render auth/login.html template
2025-09-30 22:00:09,118 | auth_system | ERROR | superadmin_login:242 | Template rendering error: 'csrf_token' is undefined
2025-09-30 22:00:09,119 | auth_system | ERROR | superadmin_login:307 | Unexpected error in superadmin_login: 'csrf_token' is undefined
2025-09-30 22:00:09,120 | auth_system | ERROR | superadmin_login:308 | Error type: UndefinedError
2025-09-30 22:00:09,130 | auth_system | ERROR | superadmin_login:310 | Traceback: Traceback (most recent call last):
  File "C:\Users\Pulipati\Desktop\FREE\ProjectJ\app\routes\auth_routes.py", line 243, in superadmin_login
    raise template_error
  File "C:\Users\Pulipati\Desktop\FREE\ProjectJ\app\routes\auth_routes.py", line 237, in superadmin_login
    result = render_template('auth/login.html', role=role_name)
  File "C:\Users\Pulipati\Desktop\FREE\ProjectJ\.venv\Lib\site-packages\flask\templating.py", line 150, in render_template
    return _render(app, template, context)
  File "C:\Users\Pulipati\Desktop\FREE\ProjectJ\.venv\Lib\site-packages\flask\templating.py", line 131, in _render
    rv = template.render(context)
  File "C:\Users\Pulipati\Desktop\FREE\ProjectJ\.venv\Lib\site-packages\jinja2\environment.py", line 1295, in render
    self.environment.handle_exception()
    ~~~~~~~~~~~~~~~~~~~~~~~~~~~~~~~~~^^
  File "C:\Users\Pulipati\Desktop\FREE\ProjectJ\.venv\Lib\site-packages\jinja2\environment.py", line 942, in handle_exception
    raise rewrite_traceback_stack(source=source)
  File "C:\Users\Pulipati\Desktop\FREE\ProjectJ\app\templates\auth\login.html", line 169, in top-level template code
    <input type="hidden" name="csrf_token" value="{{ csrf_token() }}">
    ^^^^^^^^^^^^^
  File "C:\Users\Pulipati\Desktop\FREE\ProjectJ\.venv\Lib\site-packages\jinja2\utils.py", line 92, in from_obj
    if hasattr(obj, "jinja_pass_arg"):
       ~~~~~~~^^^^^^^^^^^^^^^^^^^^^^^
jinja2.exceptions.UndefinedError: 'csrf_token' is undefined

2025-09-30 22:00:09,133 | auth_system | INFO | superadmin_login:313 | Flash message set: Login error
2025-09-30 22:00:09,134 | auth_system | ERROR | superadmin_login:314 | === SUPERADMIN LOGIN ERROR END ===
2025-09-30 22:02:39,772 | auth_system | INFO | superadmin_login:216 | === SUPERADMIN LOGIN REQUEST START ===
2025-09-30 22:02:39,773 | auth_system | INFO | superadmin_login:217 | Request Method: GET
2025-09-30 22:02:39,773 | auth_system | INFO | superadmin_login:218 | Request URL: http://localhost:5051/superadmin/auth/login
2025-09-30 22:02:39,774 | auth_system | INFO | superadmin_login:219 | User Agent: Mozilla/5.0 (Windows NT; Windows NT 10.0; en-IN) WindowsPowerShell/5.1.26100.6584
2025-09-30 22:02:39,774 | auth_system | INFO | superadmin_login:220 | Remote Address: 127.0.0.1
2025-09-30 22:02:39,775 | auth_system | INFO | superadmin_login:221 | Content Type: None
2025-09-30 22:02:39,775 | auth_system | INFO | superadmin_login:222 | Request Headers: {'User-Agent': 'Mozilla/5.0 (Windows NT; Windows NT 10.0; en-IN) WindowsPowerShell/5.1.26100.6584', 'Host': 'localhost:5051'}
2025-09-30 22:02:39,776 | auth_system | DEBUG | superadmin_login:228 | Role: superadmin
2025-09-30 22:02:39,776 | auth_system | DEBUG | superadmin_login:229 | Dashboard URL: /superadmin/dashboard
2025-09-30 22:02:39,776 | auth_system | INFO | superadmin_login:232 | Processing GET request - Rendering login form
2025-09-30 22:02:39,777 | auth_system | DEBUG | superadmin_login:233 | Attempting to render auth/login.html template
2025-09-30 22:02:39,816 | auth_system | ERROR | superadmin_login:242 | Template rendering error: 'csrf_token' is undefined
2025-09-30 22:02:39,817 | auth_system | ERROR | superadmin_login:307 | Unexpected error in superadmin_login: 'csrf_token' is undefined
2025-09-30 22:02:39,819 | auth_system | ERROR | superadmin_login:308 | Error type: UndefinedError
2025-09-30 22:02:39,830 | auth_system | ERROR | superadmin_login:310 | Traceback: Traceback (most recent call last):
  File "C:\Users\Pulipati\Desktop\FREE\ProjectJ\app\routes\auth_routes.py", line 243, in superadmin_login
    raise template_error
  File "C:\Users\Pulipati\Desktop\FREE\ProjectJ\app\routes\auth_routes.py", line 237, in superadmin_login
    result = render_template('auth/login.html', role=role_name)
  File "C:\Users\Pulipati\Desktop\FREE\ProjectJ\.venv\Lib\site-packages\flask\templating.py", line 150, in render_template
    return _render(app, template, context)
  File "C:\Users\Pulipati\Desktop\FREE\ProjectJ\.venv\Lib\site-packages\flask\templating.py", line 131, in _render
    rv = template.render(context)
  File "C:\Users\Pulipati\Desktop\FREE\ProjectJ\.venv\Lib\site-packages\jinja2\environment.py", line 1295, in render
    self.environment.handle_exception()
    ~~~~~~~~~~~~~~~~~~~~~~~~~~~~~~~~~^^
  File "C:\Users\Pulipati\Desktop\FREE\ProjectJ\.venv\Lib\site-packages\jinja2\environment.py", line 942, in handle_exception
    raise rewrite_traceback_stack(source=source)
  File "C:\Users\Pulipati\Desktop\FREE\ProjectJ\app\templates\auth\login.html", line 169, in top-level template code
    <input type="hidden" name="csrf_token" value="{{ csrf_token() }}">
    ^^^^^^^^^^^^^
  File "C:\Users\Pulipati\Desktop\FREE\ProjectJ\.venv\Lib\site-packages\jinja2\utils.py", line 92, in from_obj
    if hasattr(obj, "jinja_pass_arg"):
       ~~~~~~~^^^^^^^^^^^^^^^^^^^^^^^
jinja2.exceptions.UndefinedError: 'csrf_token' is undefined

2025-09-30 22:02:39,832 | auth_system | INFO | superadmin_login:313 | Flash message set: Login error
2025-09-30 22:02:39,833 | auth_system | ERROR | superadmin_login:314 | === SUPERADMIN LOGIN ERROR END ===
2025-09-30 22:03:12,076 | auth_system | INFO | superadmin_login:216 | === SUPERADMIN LOGIN REQUEST START ===
2025-09-30 22:03:12,077 | auth_system | INFO | superadmin_login:217 | Request Method: GET
2025-09-30 22:03:12,078 | auth_system | INFO | superadmin_login:218 | Request URL: http://localhost:5051/superadmin/auth/login
2025-09-30 22:03:12,079 | auth_system | INFO | superadmin_login:219 | User Agent: Mozilla/5.0 (Windows NT; Windows NT 10.0; en-IN) WindowsPowerShell/5.1.26100.6584
2025-09-30 22:03:12,080 | auth_system | INFO | superadmin_login:220 | Remote Address: 127.0.0.1
2025-09-30 22:03:12,080 | auth_system | INFO | superadmin_login:221 | Content Type: None
2025-09-30 22:03:12,081 | auth_system | INFO | superadmin_login:222 | Request Headers: {'User-Agent': 'Mozilla/5.0 (Windows NT; Windows NT 10.0; en-IN) WindowsPowerShell/5.1.26100.6584', 'Host': 'localhost:5051'}
2025-09-30 22:03:12,082 | auth_system | DEBUG | superadmin_login:228 | Role: superadmin
2025-09-30 22:03:12,082 | auth_system | DEBUG | superadmin_login:229 | Dashboard URL: /superadmin/dashboard
2025-09-30 22:03:12,082 | auth_system | INFO | superadmin_login:232 | Processing GET request - Rendering login form
2025-09-30 22:03:12,083 | auth_system | DEBUG | superadmin_login:233 | Attempting to render auth/login.html template
2025-09-30 22:03:12,302 | auth_system | INFO | superadmin_login:238 | Template rendered successfully
2025-09-30 22:03:12,305 | auth_system | INFO | superadmin_login:239 | === SUPERADMIN LOGIN GET REQUEST END ===
2025-09-30 22:03:30,397 | auth_system | INFO | superadmin_login:216 | === SUPERADMIN LOGIN REQUEST START ===
2025-09-30 22:03:30,397 | auth_system | INFO | superadmin_login:217 | Request Method: POST
2025-09-30 22:03:30,398 | auth_system | INFO | superadmin_login:218 | Request URL: http://localhost:5051/superadmin/auth/login
2025-09-30 22:03:30,399 | auth_system | INFO | superadmin_login:219 | User Agent: Mozilla/5.0 (Windows NT; Windows NT 10.0; en-IN) WindowsPowerShell/5.1.26100.6584
2025-09-30 22:03:30,399 | auth_system | INFO | superadmin_login:220 | Remote Address: 127.0.0.1
2025-09-30 22:03:30,400 | auth_system | INFO | superadmin_login:221 | Content Type: application/x-www-form-urlencoded
2025-09-30 22:03:30,400 | auth_system | INFO | superadmin_login:222 | Request Headers: {'Content-Type': 'application/x-www-form-urlencoded', 'User-Agent': 'Mozilla/5.0 (Windows NT; Windows NT 10.0; en-IN) WindowsPowerShell/5.1.26100.6584', 'Host': 'localhost:5051', 'Content-Length': '44'}
2025-09-30 22:03:30,401 | auth_system | DEBUG | superadmin_login:228 | Role: superadmin
2025-09-30 22:03:30,401 | auth_system | DEBUG | superadmin_login:229 | Dashboard URL: /superadmin/dashboard
2025-09-30 22:03:30,401 | auth_system | INFO | superadmin_login:246 | Processing POST request - Login attempt
2025-09-30 22:03:30,402 | auth_system | DEBUG | superadmin_login:249 | Extracting form data
2025-09-30 22:03:30,404 | auth_system | DEBUG | superadmin_login:251 | Request is JSON: False
2025-09-30 22:03:30,404 | auth_system | DEBUG | superadmin_login:252 | Form keys: ['username', 'password']
2025-09-30 22:03:30,404 | auth_system | INFO | superadmin_login:257 | Login attempt for username: 'superadmin'
2025-09-30 22:03:30,405 | auth_system | DEBUG | superadmin_login:258 | Password provided: Yes
2025-09-30 22:03:30,405 | auth_system | DEBUG | superadmin_login:259 | Password length: 15
2025-09-30 22:03:30,405 | auth_system | INFO | superadmin_login:262 | Starting form validation
2025-09-30 22:03:30,405 | auth_system | INFO | superadmin_login:270 | Form validation passed
2025-09-30 22:03:30,406 | auth_system | INFO | superadmin_login:273 | Starting authentication check
2025-09-30 22:03:30,406 | auth_system | DEBUG | superadmin_login:274 | Checking credentials for user: superadmin
2025-09-30 22:03:30,407 | auth_system | DEBUG | superadmin_login:275 | Using hardcoded credentials: superadmin / SuperAdmin@2024
2025-09-30 22:03:30,407 | auth_system | INFO | superadmin_login:278 | Authentication successful - Credentials match
2025-09-30 22:03:30,408 | auth_system | INFO | superadmin_login:281 | Setting session data
2025-09-30 22:03:30,409 | auth_system | DEBUG | superadmin_login:284 | Session user_id: 1
2025-09-30 22:03:30,410 | auth_system | DEBUG | superadmin_login:285 | Session role: superadmin
2025-09-30 22:03:30,410 | auth_system | INFO | superadmin_login:289 | Flash message set: Login successful!
2025-09-30 22:03:30,413 | auth_system | INFO | superadmin_login:292 | Redirecting to dashboard: /superadmin/dashboard
2025-09-30 22:03:30,414 | auth_system | INFO | superadmin_login:293 | === SUPERADMIN LOGIN POST SUCCESS END ===
2025-09-30 22:04:55,041 | auth_system | INFO | superadmin_login:216 | === SUPERADMIN LOGIN REQUEST START ===
2025-09-30 22:04:55,044 | auth_system | INFO | superadmin_login:217 | Request Method: POST
2025-09-30 22:04:55,068 | auth_system | INFO | superadmin_login:218 | Request URL: http://localhost:5051/superadmin/auth/login
2025-09-30 22:04:55,077 | auth_system | INFO | superadmin_login:219 | User Agent: Mozilla/5.0 (Windows NT; Windows NT 10.0; en-IN) WindowsPowerShell/5.1.26100.6584
2025-09-30 22:04:55,079 | auth_system | INFO | superadmin_login:220 | Remote Address: 127.0.0.1
2025-09-30 22:04:55,082 | auth_system | INFO | superadmin_login:221 | Content Type: application/x-www-form-urlencoded
2025-09-30 22:04:55,093 | auth_system | INFO | superadmin_login:222 | Request Headers: {'Content-Type': 'application/x-www-form-urlencoded', 'User-Agent': 'Mozilla/5.0 (Windows NT; Windows NT 10.0; en-IN) WindowsPowerShell/5.1.26100.6584', 'Host': 'localhost:5051', 'Content-Length': '37'}
2025-09-30 22:04:55,094 | auth_system | DEBUG | superadmin_login:228 | Role: superadmin
2025-09-30 22:04:55,094 | auth_system | DEBUG | superadmin_login:229 | Dashboard URL: /superadmin/dashboard
2025-09-30 22:04:55,095 | auth_system | INFO | superadmin_login:246 | Processing POST request - Login attempt
2025-09-30 22:04:55,096 | auth_system | DEBUG | superadmin_login:249 | Extracting form data
2025-09-30 22:04:55,100 | auth_system | DEBUG | superadmin_login:251 | Request is JSON: False
2025-09-30 22:04:55,100 | auth_system | DEBUG | superadmin_login:252 | Form keys: ['username', 'password']
2025-09-30 22:04:55,101 | auth_system | INFO | superadmin_login:257 | Login attempt for username: 'wronguser'
2025-09-30 22:04:55,102 | auth_system | DEBUG | superadmin_login:258 | Password provided: Yes
2025-09-30 22:04:55,102 | auth_system | DEBUG | superadmin_login:259 | Password length: 9
2025-09-30 22:04:55,102 | auth_system | INFO | superadmin_login:262 | Starting form validation
2025-09-30 22:04:55,103 | auth_system | INFO | superadmin_login:270 | Form validation passed
2025-09-30 22:04:55,104 | auth_system | INFO | superadmin_login:273 | Starting authentication check
2025-09-30 22:04:55,105 | auth_system | DEBUG | superadmin_login:274 | Checking credentials for user: wronguser
2025-09-30 22:04:55,105 | auth_system | DEBUG | superadmin_login:275 | Using hardcoded credentials: superadmin / SuperAdmin@2024
2025-09-30 22:04:55,105 | auth_system | WARNING | superadmin_login:297 | Authentication failed for user: wronguser
2025-09-30 22:04:55,106 | auth_system | DEBUG | superadmin_login:298 | Expected username: 'superadmin', got: 'wronguser'
2025-09-30 22:04:55,106 | auth_system | DEBUG | superadmin_login:299 | Password match: False
2025-09-30 22:04:55,107 | auth_system | INFO | superadmin_login:302 | Flash message set: Invalid credentials
2025-09-30 22:04:55,108 | auth_system | INFO | superadmin_login:303 | === SUPERADMIN LOGIN POST FAILED END ===
